-------------------------------------------------------------------------------
Test set: examples.products.ProductsRunner
-------------------------------------------------------------------------------
Tests run: 5, Failures: 1, Errors: 0, Skipped: 0, Time elapsed: 24.29 s <<< FAILURE! - in examples.products.ProductsRunner
examples/products/products.[2:12] Response body contains responseCode 200 and a non-empty products list  Time elapsed: 0.765 s  <<< FAILURE!
org.opentest4j.AssertionFailedError: 
class java.util.LinkedHashMap cannot be cast to class java.lang.String (java.util.LinkedHashMap and java.lang.String are in module java.base of loader 'bootstrap')
classpath:examples/products/products.feature:17
	at com.intuit.karate.junit5.FeatureNode.lambda$next$1(FeatureNode.java:86)
	at java.base/java.util.stream.ForEachOps$ForEachOp$OfRef.accept(ForEachOps.java:184)
	at java.base/java.util.stream.ReferencePipeline$3$1.accept(ReferencePipeline.java:197)
	at java.base/java.util.stream.ReferencePipeline$2$1.accept(ReferencePipeline.java:179)
	at java.base/java.util.stream.ReferencePipeline$3$1.accept(ReferencePipeline.java:197)
	at java.base/java.util.Iterator.forEachRemaining(Iterator.java:133)
	at java.base/java.util.Spliterators$IteratorSpliterator.forEachRemaining(Spliterators.java:1939)
	at java.base/java.util.stream.AbstractPipeline.copyInto(AbstractPipeline.java:509)
	at java.base/java.util.stream.AbstractPipeline.wrapAndCopyInto(AbstractPipeline.java:499)
	at java.base/java.util.stream.ForEachOps$ForEachOp.evaluateSequential(ForEachOps.java:151)
	at java.base/java.util.stream.ForEachOps$ForEachOp$OfRef.evaluateSequential(ForEachOps.java:174)
	at java.base/java.util.stream.AbstractPipeline.evaluate(AbstractPipeline.java:234)
	at java.base/java.util.stream.ReferencePipeline.forEachOrdered(ReferencePipeline.java:601)
	at java.base/java.util.Optional.ifPresent(Optional.java:178)
	at java.base/java.util.ArrayList.forEach(ArrayList.java:1596)
	at java.base/java.util.ArrayList.forEach(ArrayList.java:1596)

